<?xml version="1.0" encoding="UTF-8"?>
<!-- Generated by org.testng.reporters.JUnitReportReporter -->
<testsuite hostname="DESKTOP-HKO33PN" name="softwaretestingmaterial.TestDriver" tests="2" failures="0" timestamp="28 May 2018 09:57:52 GMT" time="15.179" errors="0">
  <testcase name="searchLocation" time="6.608" classname="softwaretestingmaterial.TestDriver"/>
  <testcase name="contactDetails" time="8.571" classname="softwaretestingmaterial.TestDriver"/>
</testsuite> <!-- softwaretestingmaterial.TestDriver -->
