<?xml version="1.0" encoding="UTF-8"?>
<!-- Generated by org.testng.reporters.JUnitReportReporter -->
<testsuite hostname="DESKTOP-HKO33PN" name="softwaretestingmaterial.extentReportClass" tests="2" failures="0" timestamp="28 May 2018 09:13:19 GMT" time="13.120" errors="0">
  <testcase name="searchLocation" time="3.826" classname="softwaretestingmaterial.extentReportClass"/>
  <testcase name="contactDetails" time="9.294" classname="softwaretestingmaterial.extentReportClass"/>
</testsuite> <!-- softwaretestingmaterial.extentReportClass -->
